Build started 03/10/19 4:45:45 PM.
     1>Project "C:\Users\Admin\Desktop\baitap2\baitap2\baitap2.vcxproj" on node 2 (build target(s)).
     1>InitializeBuildStatus:
         Creating "Debug\baitap2.unsuccessfulbuild" because "AlwaysCreate" was specified.
       ClCompile:
         All outputs are up-to-date.
         C:\Program Files (x86)\Microsoft Visual Studio 10.0\VC\bin\CL.exe /c /ZI /nologo /W3 /WX- /Od /Oy- /D WIN32 /D _WINDOWS /D _DEBUG /D _UNICODE /D UNICODE /D _AFXDLL /Gm /EHsc /RTC1 /MDd /GS /fp:precise /Zc:wchar_t /Zc:forScope /Yu"StdAfx.h" /Fp"Debug\baitap2.pch" /Fo"Debug\\" /Fd"Debug\vc100.pdb" /Gd /TP /analyze- /errorReport:prompt baitap2View.cpp
         baitap2View.cpp
       ResourceCompile:
         All outputs are up-to-date.
       ManifestResourceCompile:
         All outputs are up-to-date.
       Link:
         C:\Program Files (x86)\Microsoft Visual Studio 10.0\VC\bin\link.exe /ERRORREPORT:PROMPT /OUT:"C:\Users\Admin\Desktop\baitap2\Debug\baitap2.exe" /INCREMENTAL /NOLOGO /MANIFEST /ManifestFile:"Debug\baitap2.exe.intermediate.manifest" /MANIFESTUAC:"level='asInvoker' uiAccess='false'" /DEBUG /PDB:"C:\Users\Admin\Desktop\baitap2\Debug\baitap2.pdb" /SUBSYSTEM:WINDOWS /TLBID:1 /ENTRY:"wWinMainCRTStartup" /DYNAMICBASE /NXCOMPAT /IMPLIB:"C:\Users\Admin\Desktop\baitap2\Debug\baitap2.lib" /MACHINE:X86 Debug\baitap2.res
         Debug\baitap2.exe.embed.manifest.res
         Debug\baitap2.obj
         Debug\baitap2Doc.obj
         Debug\baitap2View.obj
         Debug\HCN.obj
         Debug\Hinh.obj
         Debug\MainFrm.obj
         Debug\stdafx.obj
       Manifest:
         C:\Program Files (x86)\Microsoft SDKs\Windows\v7.0A\bin\mt.exe /nologo /verbose /out:"Debug\baitap2.exe.embed.manifest" /manifest Debug\baitap2.exe.intermediate.manifest "C:\Program Files (x86)\Microsoft Visual Studio 10.0\VC\Include\Manifest\dpiaware.manifest"
         All outputs are up-to-date.
       LinkEmbedManifest:
         All outputs are up-to-date.
         baitap2.vcxproj -> C:\Users\Admin\Desktop\baitap2\Debug\baitap2.exe
       FinalizeBuildStatus:
         Deleting file "Debug\baitap2.unsuccessfulbuild".
         Touching "Debug\baitap2.lastbuildstate".
     1>Done Building Project "C:\Users\Admin\Desktop\baitap2\baitap2\baitap2.vcxproj" (build target(s)).

Build succeeded.

Time Elapsed 00:00:00.99
